Setting Default Parameters...
Parsing Configfile decoder.cfg
Parsing command line string 'InputFile = ios_android_douyin.mp4.ffmpeg_trans.264'.
Parsing command line string 'OutputFile = ios_android_douyin.mp4.JM.dec.yuv'.

******************************************************
*               Decoder Parameters                   *
******************************************************
Parameter InputFile = ios_android_douyin.mp4.ffmpeg_trans.264
Parameter OutputFile = ios_android_douyin.mp4.JM.dec.yuv
Parameter RefFile = test_rec.yuv
Parameter WriteUV = 1
Parameter FileFormat = 0
Parameter RefOffset = 0
Parameter POCScale = 2
Parameter DisplayDecParams = 1
Parameter ConcealMode = 0
Parameter RefPOCGap = 2
Parameter POCGap = 2
Parameter Silent = 0
Parameter IntraProfileDeblocking = 1
Parameter DecFrmNum = 0
Parameter DecodeAllLayers = 0
Parameter DPBPLUS0 = 1
Parameter DPBPLUS1 = 0
******************************************************
----------------------------- JM 19.0 (FRExt) -----------------------------
 Input reference file                   : test_rec.yuv does not exist 
                                          SNR values are not available
POC must = frame# or field# for SNRs to be correct
--------------------------------------------------------------------------
  Frame          POC  Pic#   QP    SnrY     SnrU     SnrV   Y:U:V Time(ms)
--------------------------------------------------------------------------
00000(IDR)        0     0    26                             4:2:0      15
00001( P )        2     1    26                             4:2:0       6
00002( P )        4     2    26                             4:2:0       9
00003( P )        6     3    26                             4:2:0       9
00004( P )        8     4    26                             4:2:0       9
00005( P )       10     5    26                             4:2:0      10
00006( P )       12     6    26                             4:2:0       8
00007( P )       14     7    26                             4:2:0       9
00008( P )       16     8    26                             4:2:0       7
00009( P )       18     9    26                             4:2:0       7
00010( P )       20    10    26                             4:2:0      10
00011( P )       22    11    26                             4:2:0       7
00012( P )       24    12    26                             4:2:0       8
00013( P )       26    13    26                             4:2:0       7
00014( P )       28    14    26                             4:2:0       9
00015( P )       30    15    26                             4:2:0       9
00016( P )       32     0    26                             4:2:0       8
00017( P )       34     1    26                             4:2:0       9
00018( P )       36     2    26                             4:2:0      10
00019( P )       38     3    26                             4:2:0       9
00020( P )       40     4    26                             4:2:0       9
00021( P )       42     5    26                             4:2:0       9
00022( P )       44     6    26                             4:2:0       9
00023( P )       46     7    26                             4:2:0      10
00024( P )       48     8    26                             4:2:0      10
00025( P )       50     9    26                             4:2:0       8
00026( P )       52    10    26                             4:2:0       9
00027( P )       54    11    26                             4:2:0       8
00028( P )       56    12    26                             4:2:0       9
00029( P )       58    13    26                             4:2:0       9
00030( P )       60    14    26                             4:2:0       7
00031( P )       62    15    26                             4:2:0       8
00032( P )       64     0    26                             4:2:0       7
00033( P )       66     1    26                             4:2:0       9
00034( P )       68     2    26                             4:2:0      12
00000(IDR)        0     0    23                             4:2:0      19
00001( P )        2     1    26                             4:2:0       3
00002( P )        4     2    26                             4:2:0       7
00003( P )        6     3    26                             4:2:0       7
00004( P )        8     4    26                             4:2:0       8
00005( P )       10     5    26                             4:2:0       9
00006( P )       12     6    26                             4:2:0       9
00007( P )       14     7    26                             4:2:0       8
00008( P )       16     8    26                             4:2:0       8
00009( P )       18     9    26                             4:2:0       8
00010( P )       20    10    26                             4:2:0       8
00011( P )       22    11    26                             4:2:0       9
00012( P )       24    12    26                             4:2:0       8
00013( P )       26    13    26                             4:2:0       8
00014( P )       28    14    26                             4:2:0       8
00015( P )       30    15    26                             4:2:0       9
00016( P )       32     0    26                             4:2:0       8
00017( P )       34     1    26                             4:2:0       8
00018( P )       36     2    26                             4:2:0       8
00019( P )       38     3    26                             4:2:0       7
00020( P )       40     4    26                             4:2:0       6
00021( P )       42     5    26                             4:2:0       8
00022( P )       44     6    26                             4:2:0       8
00023( P )       46     7    26                             4:2:0       9
00024( P )       48     8    26                             4:2:0       7
00025( P )       50     9    26                             4:2:0       7
00026( P )       52    10    26                             4:2:0       7
00027( P )       54    11    26                             4:2:0       8
00028( P )       56    12    26                             4:2:0       7
00029( P )       58    13    26                             4:2:0       8
00030( P )       60    14    26                             4:2:0       8
00031( P )       62    15    26                             4:2:0       7
00032( P )       64     0    26                             4:2:0       7
00033( P )       66     1    26                             4:2:0       8
00034( P )       68     2    26                             4:2:0       9
00000(IDR)        0     0    23                             4:2:0      17
00001( P )        2     1    26                             4:2:0       3
00002( P )        4     2    26                             4:2:0       7
00003( P )        6     3    26                             4:2:0       7
00004( P )        8     4    26                             4:2:0       7
00005( P )       10     5    26                             4:2:0       7
00006( P )       12     6    26                             4:2:0       7
00007( P )       14     7    26                             4:2:0       8
00008( P )       16     8    26                             4:2:0       7
00009( P )       18     9    26                             4:2:0       7
00010( P )       20    10    26                             4:2:0       7
00011( P )       22    11    26                             4:2:0       7
00012( P )       24    12    26                             4:2:0       9
00013( P )       26    13    26                             4:2:0       8
00014( P )       28    14    26                             4:2:0       9
00015( P )       30    15    26                             4:2:0       9
00016( P )       32     0    26                             4:2:0       7
00017( P )       34     1    26                             4:2:0       9
00018( P )       36     2    26                             4:2:0       7
00019( P )       38     3    26                             4:2:0       8
00020( P )       40     4    26                             4:2:0       8
00021( P )       42     5    26                             4:2:0       7
00022( P )       44     6    26                             4:2:0       8
00023( P )       46     7    26                             4:2:0       9
00024( P )       48     8    26                             4:2:0       7
00025( P )       50     9    26                             4:2:0       7
00026( P )       52    10    26                             4:2:0       8
00027( P )       54    11    26                             4:2:0       8
00028( P )       56    12    26                             4:2:0       8
00029( P )       58    13    26                             4:2:0       8
00030( P )       60    14    26                             4:2:0       8
00031( P )       62    15    26                             4:2:0       7
00032( P )       64     0    26                             4:2:0       7
00033( P )       66     1    26                             4:2:0       8
00034( P )       68     2    26                             4:2:0      11
00000(IDR)        0     0    23                             4:2:0      17
00001( P )        2     1    26                             4:2:0       3
00002( P )        4     2    26                             4:2:0       7
00003( P )        6     3    26                             4:2:0       8
00004( P )        8     4    26                             4:2:0       7
00005( P )       10     5    26                             4:2:0       7
00006( P )       12     6    26                             4:2:0       8
00007( P )       14     7    26                             4:2:0       7
00008( P )       16     8    26                             4:2:0       7
00009( P )       18     9    26                             4:2:0       9
00010( P )       20    10    26                             4:2:0       7
00011( P )       22    11    26                             4:2:0       9
00012( P )       24    12    26                             4:2:0       7
00013( P )       26    13    26                             4:2:0       7
00014( P )       28    14    26                             4:2:0       7
00015( P )       30    15    26                             4:2:0       8
00016( P )       32     0    26                             4:2:0       6
00017( P )       34     1    26                             4:2:0       7
00018( P )       36     2    26                             4:2:0       6
00019( P )       38     3    26                             4:2:0       7
00020( P )       40     4    26                             4:2:0       7
00021( P )       42     5    26                             4:2:0       7
00022( P )       44     6    26                             4:2:0       7
00023( P )       46     7    26                             4:2:0       9
00024( P )       48     8    26                             4:2:0       7
00025( P )       50     9    26                             4:2:0       8
00026( P )       52    10    26                             4:2:0       8
00027( P )       54    11    26                             4:2:0      10
00028( P )       56    12    26                             4:2:0       9
00029( P )       58    13    26                             4:2:0       7
00030( P )       60    14    26                             4:2:0       7
00031( P )       62    15    26                             4:2:0       8
00032( P )       64     0    26                             4:2:0       7
00033( P )       66     1    26                             4:2:0       9
00034( P )       68     2    26                             4:2:0      11
00000(IDR)        0     0    23                             4:2:0      17
00001( P )        2     1    26                             4:2:0       3
00002( P )        4     2    26                             4:2:0       7
00003( P )        6     3    26                             4:2:0       7
00004( P )        8     4    26                             4:2:0       7
00005( P )       10     5    26                             4:2:0       7
00006( P )       12     6    26                             4:2:0       7
00007( P )       14     7    26                             4:2:0       7
00008( P )       16     8    26                             4:2:0       7
00009( P )       18     9    26                             4:2:0       7
00010( P )       20    10    26                             4:2:0       6
00011( P )       22    11    26                             4:2:0       9
00012( P )       24    12    26                             4:2:0       9
00013( P )       26    13    26                             4:2:0       7
00014( P )       28    14    26                             4:2:0       8
00015( P )       30    15    26                             4:2:0      10
00016( P )       32     0    26                             4:2:0       8
00017( P )       34     1    26                             4:2:0       8
00018( P )       36     2    26                             4:2:0       8
00019( P )       38     3    26                             4:2:0       6
00020( P )       40     4    26                             4:2:0       7
00021( P )       42     5    26                             4:2:0       8
00022( P )       44     6    26                             4:2:0       7
00023( P )       46     7    26                             4:2:0       8
00024( P )       48     8    26                             4:2:0       6
00025( P )       50     9    26                             4:2:0       8
00026( P )       52    10    26                             4:2:0       8
00027( P )       54    11    26                             4:2:0       7
00028( P )       56    12    26                             4:2:0       7
00029( P )       58    13    26                             4:2:0       7
00030( P )       60    14    26                             4:2:0       7
00031( P )       62    15    26                             4:2:0       8
00032( P )       64     0    26                             4:2:0       7
00033( P )       66     1    26                             4:2:0       7
00034( P )       68     2    26                             4:2:0      10
00000(IDR)        0     0    23                             4:2:0      17
00001( P )        2     1    26                             4:2:0       4
00002( P )        4     2    26                             4:2:0       7
00003( P )        6     3    26                             4:2:0       9
00004( P )        8     4    26                             4:2:0       7
00005( P )       10     5    26                             4:2:0       7
00006( P )       12     6    26                             4:2:0       6
00007( P )       14     7    26                             4:2:0       8
00008( P )       16     8    26                             4:2:0       9
00009( P )       18     9    26                             4:2:0       8
00010( P )       20    10    26                             4:2:0       9
00011( P )       22    11    26                             4:2:0       7
00012( P )       24    12    26                             4:2:0       7
00013( P )       26    13    26                             4:2:0       8
00014( P )       28    14    26                             4:2:0       7
00015( P )       30    15    26                             4:2:0       8
00016( P )       32     0    26                             4:2:0       8
00017( P )       34     1    26                             4:2:0       8
00018( P )       36     2    26                             4:2:0       7
00019( P )       38     3    26                             4:2:0       7
00020( P )       40     4    26                             4:2:0       7
00021( P )       42     5    26                             4:2:0       8
00022( P )       44     6    26                             4:2:0       7
00023( P )       46     7    26                             4:2:0       8
00024( P )       48     8    26                             4:2:0       7
00025( P )       50     9    26                             4:2:0       7
00026( P )       52    10    26                             4:2:0       7
00027( P )       54    11    26                             4:2:0       8
00028( P )       56    12    26                             4:2:0       7
00029( P )       58    13    26                             4:2:0       7
00030( P )       60    14    26                             4:2:0       7
00031( P )       62    15    26                             4:2:0       7
00032( P )       64     0    26                             4:2:0       8
00033( P )       66     1    26                             4:2:0       9
00034( P )       68     2    26                             4:2:0      10
00000(IDR)        0     0    23                             4:2:0      18
00001( P )        2     1    26                             4:2:0       4
00002( P )        4     2    26                             4:2:0       7
00003( P )        6     3    26                             4:2:0       8
00004( P )        8     4    26                             4:2:0       7
00005( P )       10     5    26                             4:2:0       7
00006( P )       12     6    26                             4:2:0       8
00007( P )       14     7    26                             4:2:0       7
00008( P )       16     8    26                             4:2:0       6
00009( P )       18     9    26                             4:2:0       7
00010( P )       20    10    26                             4:2:0       9
00011( P )       22    11    26                             4:2:0       9
00012( P )       24    12    26                             4:2:0       7
00013( P )       26    13    26                             4:2:0       7
00014( P )       28    14    26                             4:2:0       8
00015( P )       30    15    26                             4:2:0       6
00016( P )       32     0    26                             4:2:0       9
00017( P )       34     1    26                             4:2:0       7
00018( P )       36     2    26                             4:2:0       9
00019( P )       38     3    26                             4:2:0       9
00020( P )       40     4    26                             4:2:0       9
00021( P )       42     5    26                             4:2:0       7
00022( P )       44     6    26                             4:2:0       8
00023( P )       46     7    26                             4:2:0       7
00024( P )       48     8    26                             4:2:0       9
00025( P )       50     9    26                             4:2:0       8
00026( P )       52    10    26                             4:2:0       9
00027( P )       54    11    26                             4:2:0       7
00028( P )       56    12    26                             4:2:0       8
00029( P )       58    13    26                             4:2:0       8
00030( P )       60    14    26                             4:2:0       9
00031( P )       62    15    26                             4:2:0       9
00032( P )       64     0    26                             4:2:0       8
00033( P )       66     1    26                             4:2:0       9
00034( P )       68     2    26                             4:2:0      10
00000(IDR)        0     0    23                             4:2:0      17
00001( P )        2     1    26                             4:2:0       5
00002( P )        4     2    26                             4:2:0       8
00003( P )        6     3    26                             4:2:0       7
00004( P )        8     4    26                             4:2:0       8
00005( P )       10     5    26                             4:2:0       9
00006( P )       12     6    26                             4:2:0       8
00007( P )       14     7    26                             4:2:0       9
00008( P )       16     8    26                             4:2:0       9
00009( P )       18     9    26                             4:2:0       8
00010( P )       20    10    26                             4:2:0       7
00011( P )       22    11    26                             4:2:0       9
00012( P )       24    12    26                             4:2:0       7
00013( P )       26    13    26                             4:2:0       7
00014( P )       28    14    26                             4:2:0       7
00015( P )       30    15    26                             4:2:0       9
00016( P )       32     0    26                             4:2:0       7
00017( P )       34     1    26                             4:2:0       9
00018( P )       36     2    26                             4:2:0       8
00019( P )       38     3    26                             4:2:0       7
00020( P )       40     4    26                             4:2:0       8
00021( P )       42     5    26                             4:2:0       9
00022( P )       44     6    26                             4:2:0      10
00023( P )       46     7    26                             4:2:0       8
00024( P )       48     8    26                             4:2:0      10
00025( P )       50     9    26                             4:2:0       7
00026( P )       52    10    26                             4:2:0       8
00027( P )       54    11    26                             4:2:0       8
00028( P )       56    12    26                             4:2:0       7
00029( P )       58    13    26                             4:2:0       7
00030( P )       60    14    26                             4:2:0       7
00031( P )       62    15    26                             4:2:0       7
00032( P )       64     0    26                             4:2:0       8
00033( P )       66     1    26                             4:2:0      10
00034( P )       68     2    26                             4:2:0      11
00000(IDR)        0     0    23                             4:2:0      17
00001( P )        2     1    26                             4:2:0       5
00002( P )        4     2    26                             4:2:0       8
00003( P )        6     3    26                             4:2:0       8
00004( P )        8     4    26                             4:2:0       7
00005( P )       10     5    26                             4:2:0       7
00006( P )       12     6    26                             4:2:0       9
00007( P )       14     7    26                             4:2:0       9
00008( P )       16     8    26                             4:2:0      10
00009( P )       18     9    26                             4:2:0       7
00010( P )       20    10    26                             4:2:0       9
00011( P )       22    11    26                             4:2:0       9
00012( P )       24    12    26                             4:2:0       8
00013( P )       26    13    26                             4:2:0       7
00014( P )       28    14    26                             4:2:0       7
00015( P )       30    15    26                             4:2:0       8
00016( P )       32     0    26                             4:2:0       8
00017( P )       34     1    26                             4:2:0       8
00018( P )       36     2    26                             4:2:0      11
00019( P )       38     3    26                             4:2:0      10
00020( P )       40     4    26                             4:2:0       8
00021( P )       42     5    26                             4:2:0       9
00022( P )       44     6    26                             4:2:0       8
00023( P )       46     7    26                             4:2:0       8
00024( P )       48     8    26                             4:2:0       9
00025( P )       50     9    26                             4:2:0       8
00026( P )       52    10    26                             4:2:0       7
00027( P )       54    11    26                             4:2:0       7
00028( P )       56    12    26                             4:2:0       8
00029( P )       58    13    26                             4:2:0       7
00030( P )       60    14    26                             4:2:0       9
00031( P )       62    15    26                             4:2:0       8
00032( P )       64     0    26                             4:2:0       7
00033( P )       66     1    26                             4:2:0       9
00034( P )       68     2    26                             4:2:0      11
00000(IDR)        0     0    23                             4:2:0      16
00001( P )        2     1    26                             4:2:0       4
00002( P )        4     2    26                             4:2:0       7
00003( P )        6     3    26                             4:2:0       9
00004( P )        8     4    26                             4:2:0       8
00005( P )       10     5    26                             4:2:0       8
00006( P )       12     6    26                             4:2:0       9
00007( P )       14     7    26                             4:2:0       7
00008( P )       16     8    26                             4:2:0       7
00009( P )       18     9    26                             4:2:0       7
00010( P )       20    10    26                             4:2:0       7
00011( P )       22    11    26                             4:2:0       7
00012( P )       24    12    26                             4:2:0       7
00013( P )       26    13    26                             4:2:0       7
00014( P )       28    14    26                             4:2:0       8
00015( P )       30    15    26                             4:2:0       8
00016( P )       32     0    26                             4:2:0       7
00017( P )       34     1    26                             4:2:0       8
00018( P )       36     2    26                             4:2:0       8
00019( P )       38     3    26                             4:2:0       7
00020( P )       40     4    26                             4:2:0       7
00021( P )       42     5    26                             4:2:0       7
00022( P )       44     6    26                             4:2:0       8
00023( P )       46     7    26                             4:2:0       7
00024( P )       48     8    26                             4:2:0       7
00025( P )       50     9    26                             4:2:0       8
00026( P )       52    10    26                             4:2:0       8
00027( P )       54    11    26                             4:2:0       8
00028( P )       56    12    26                             4:2:0       8
00029( P )       58    13    26                             4:2:0       7
00030( P )       60    14    26                             4:2:0      10
00031( P )       62    15    26                             4:2:0       9
00032( P )       64     0    26                             4:2:0       7
00033( P )       66     1    26                             4:2:0       9
00034( P )       68     2    26                             4:2:0       8
00000(IDR)        0     0    23                             4:2:0      18
00001( P )        2     1    26                             4:2:0       3
00002( P )        4     2    26                             4:2:0       8
00003( P )        6     3    26                             4:2:0       9
00004( P )        8     4    26                             4:2:0       7
00005( P )       10     5    26                             4:2:0       7
00006( P )       12     6    26                             4:2:0       8
00007( P )       14     7    26                             4:2:0       7
00008( P )       16     8    26                             4:2:0       8
00009( P )       18     9    26                             4:2:0       8
00010( P )       20    10    26                             4:2:0       9
00011( P )       22    11    26                             4:2:0       7
00012( P )       24    12    26                             4:2:0       8
00013( P )       26    13    26                             4:2:0       7
00014( P )       28    14    26                             4:2:0       7
00015( P )       30    15    26                             4:2:0       9
00016( P )       32     0    26                             4:2:0       8
00017( P )       34     1    26                             4:2:0      10
00018( P )       36     2    26                             4:2:0       7
00019( P )       38     3    26                             4:2:0       8
00020( P )       40     4    26                             4:2:0       8
00021( P )       42     5    26                             4:2:0       9
00022( P )       44     6    26                             4:2:0       8
00023( P )       46     7    26                             4:2:0       8
00024( P )       48     8    26                             4:2:0       7
00025( P )       50     9    26                             4:2:0       8
00026( P )       52    10    26                             4:2:0       7
00027( P )       54    11    26                             4:2:0       8
00028( P )       56    12    26                             4:2:0       7
00029( P )       58    13    26                             4:2:0       8
00030( P )       60    14    26                             4:2:0       9
00031( P )       62    15    26                             4:2:0       7
00032( P )       64     0    26                             4:2:0       8
00033( P )       66     1    26                             4:2:0       7
00034( P )       68     2    26                             4:2:0      10
00000(IDR)        0     0    23                             4:2:0      18
00001( P )        2     1    26                             4:2:0       4
00002( P )        4     2    26                             4:2:0       6
00003( P )        6     3    26                             4:2:0       6
00004( P )        8     4    26                             4:2:0       7
00005( P )       10     5    26                             4:2:0       8
00006( P )       12     6    26                             4:2:0       8
00007( P )       14     7    26                             4:2:0       8
00008( P )       16     8    26                             4:2:0       7
00009( P )       18     9    26                             4:2:0       9
00010( P )       20    10    26                             4:2:0      10
00011( P )       22    11    26                             4:2:0       9
00012( P )       24    12    26                             4:2:0      10
00013( P )       26    13    26                             4:2:0       9
00014( P )       28    14    26                             4:2:0      10
00015( P )       30    15    26                             4:2:0       9
00016( P )       32     0    26                             4:2:0      10
00017( P )       34     1    26                             4:2:0       8
00018( P )       36     2    26                             4:2:0      11
00019( P )       38     3    26                             4:2:0       8
00020( P )       40     4    26                             4:2:0       9
00021( P )       42     5    26                             4:2:0       8
00022( P )       44     6    26                             4:2:0       8
00023( P )       46     7    26                             4:2:0       8
00024( P )       48     8    26                             4:2:0       9
00025( P )       50     9    26                             4:2:0      10
00026( P )       52    10    26                             4:2:0       8
00027( P )       54    11    26                             4:2:0      10
00028( P )       56    12    26                             4:2:0       8
00029( P )       58    13    26                             4:2:0       8
00030( P )       60    14    26                             4:2:0       8
00031( P )       62    15    26                             4:2:0       7
00032( P )       64     0    26                             4:2:0       8
00033( P )       66     1    26                             4:2:0      10
00034( P )       68     2    26                             4:2:0      10
00000(IDR)        0     0    23                             4:2:0      22
00001( P )        2     1    26                             4:2:0       4
00002( P )        4     2    26                             4:2:0       7
00003( P )        6     3    26                             4:2:0       9
00004( P )        8     4    26                             4:2:0       7
00005( P )       10     5    26                             4:2:0       8
00006( P )       12     6    26                             4:2:0       8
00007( P )       14     7    26                             4:2:0       7
00008( P )       16     8    26                             4:2:0       7
00009( P )       18     9    26                             4:2:0       8
00010( P )       20    10    26                             4:2:0       8
00011( P )       22    11    26                             4:2:0       7
00012( P )       24    12    26                             4:2:0       6
00013( P )       26    13    26                             4:2:0       7
00014( P )       28    14    26                             4:2:0       7
00015( P )       30    15    26                             4:2:0       7
00016( P )       32     0    26                             4:2:0       7
00017( P )       34     1    26                             4:2:0       8
00018( P )       36     2    26                             4:2:0       7
00019( P )       38     3    26                             4:2:0       7
00020( P )       40     4    26                             4:2:0       7
00021( P )       42     5    26                             4:2:0       8
00022( P )       44     6    26                             4:2:0       7
-------------------- Average SNR all frames ------------------------------
 SNR Y(dB)           :  0.00
 SNR U(dB)           :  0.00
 SNR V(dB)           :  0.00
 Total decoding time : 3.808 sec (116.334 fps)[443 frm/3808 ms]
--------------------------------------------------------------------------
 Exit JM 19 (FRExt) decoder, ver 19.0 
 Output status file                     : log.dec 
443 frames are decoded.
Setting Default Parameters...
Parsing Configfile decoder.cfg
Parsing command line string 'InputFile = ios_muse_broswer.mp4.ffmpeg_trans.264'.
Parsing command line string 'OutputFile = ios_muse_broswer.mp4.JM.dec.yuv'.

******************************************************
*               Decoder Parameters                   *
******************************************************
Parameter InputFile = ios_muse_broswer.mp4.ffmpeg_trans.264
Parameter OutputFile = ios_muse_broswer.mp4.JM.dec.yuv
Parameter RefFile = test_rec.yuv
Parameter WriteUV = 1
Parameter FileFormat = 0
Parameter RefOffset = 0
Parameter POCScale = 2
Parameter DisplayDecParams = 1
Parameter ConcealMode = 0
Parameter RefPOCGap = 2
Parameter POCGap = 2
Parameter Silent = 0
Parameter IntraProfileDeblocking = 1
Parameter DecFrmNum = 0
Parameter DecodeAllLayers = 0
Parameter DPBPLUS0 = 1
Parameter DPBPLUS1 = 0
******************************************************
----------------------------- JM 19.0 (FRExt) -----------------------------
 Input reference file                   : test_rec.yuv does not exist 
                                          SNR values are not available
POC must = frame# or field# for SNRs to be correct
--------------------------------------------------------------------------
  Frame          POC  Pic#   QP    SnrY     SnrU     SnrV   Y:U:V Time(ms)
--------------------------------------------------------------------------
00000(IDR)        0     0    28                             4:2:0      21
00000( P )        1     1    31                             4:2:0       7
00001( P )        2     2    34                             4:2:0       5
00002( P )        4     3    31                             4:2:0       7
00001( b )        3     4    36                             4:2:0       7
00003( P )        6     4    28                             4:2:0      10
00002( b )        5     5    33                             4:2:0      12
00004( P )        8     5    25                             4:2:0      12
00003( b )        7     6    30                             4:2:0       9
00005( P )       10     6    25                             4:2:0      16
00004( b )        9     7    27                             4:2:0      13
00006( P )       12     7    25                             4:2:0      14
00005( b )       11     8    28                             4:2:0      12
00007( P )       14     8    26                             4:2:0      13
00006( b )       13     9    28                             4:2:0      12
00008( P )       16     9    25                             4:2:0      14
00007( b )       15    10    28                             4:2:0      12
00009( P )       18    10    25                             4:2:0      18
00008( b )       17    11    28                             4:2:0      14
00010( P )       20    11    26                             4:2:0      13
00009( b )       19    12    28                             4:2:0      12
00011( P )       22    12    26                             4:2:0      14
00010( b )       21    13    28                             4:2:0      13
00012( P )       24    13    26                             4:2:0      15
00011( b )       23    14    28                             4:2:0      12
00013( P )       26    14    26                             4:2:0      15
00012( b )       25    15    29                             4:2:0      12
00014( P )       28    15    26                             4:2:0      15
00013( b )       27    16    29                             4:2:0      10
00014( P )       29    16    26                             4:2:0      17
00000(IDR)        0     0    23                             4:2:0      57
00001( P )        2     1    25                             4:2:0       9
00000( b )        1     2    28                             4:2:0       8
00002( P )        4     2    27                             4:2:0       7
00001( b )        3     3    29                             4:2:0       9
00003( P )        6     3    26                             4:2:0      10
00002( b )        5     4    29                             4:2:0       9
00004( P )        8     4    26                             4:2:0      14
00003( b )        7     5    29                             4:2:0       9
00005( P )       10     5    27                             4:2:0      12
00004( b )        9     6    29                             4:2:0      11
00006( P )       12     6    26                             4:2:0      15
00005( b )       11     7    29                             4:2:0      11
00007( P )       14     7    26                             4:2:0      14
00006( b )       13     8    28                             4:2:0      13
00008( P )       16     8    26                             4:2:0      12
00007( b )       15     9    28                             4:2:0      12
00009( P )       18     9    26                             4:2:0      14
00008( b )       17    10    28                             4:2:0      13
00010( P )       20    10    26                             4:2:0      16
00009( b )       19    11    28                             4:2:0      14
00011( P )       22    11    26                             4:2:0      13
00010( b )       21    12    29                             4:2:0      11
00012( P )       24    12    26                             4:2:0      15
00011( b )       23    13    29                             4:2:0      12
00013( P )       26    13    25                             4:2:0      16
00012( b )       25    14    28                             4:2:0      12
00014( P )       28    14    26                             4:2:0      13
00013( b )       27    15    28                             4:2:0      13
00014( P )       29    15    26                             4:2:0      16
00000(IDR)        0     0    23                             4:2:0      55
00001( P )        2     1    24                             4:2:0      10
00000( b )        1     2    27                             4:2:0       8
00002( P )        4     2    26                             4:2:0       8
00001( b )        3     3    28                             4:2:0       8
00003( P )        6     3    26                             4:2:0      10
00002( b )        5     4    28                             4:2:0      10
00004( P )        8     4    26                             4:2:0      12
00003( b )        7     5    28                             4:2:0      10
00005( P )       10     5    26                             4:2:0      15
00004( b )        9     6    29                             4:2:0      14
00006( P )       12     6    26                             4:2:0      16
00005( b )       11     7    29                             4:2:0      14
00007( P )       14     7    26                             4:2:0      14
00006( b )       13     8    29                             4:2:0      13
00008( P )       16     8    26                             4:2:0      12
00007( b )       15     9    29                             4:2:0      14
00009( P )       18     9    26                             4:2:0      14
00008( b )       17    10    29                             4:2:0      12
00010( P )       20    10    26                             4:2:0      14
00009( b )       19    11    28                             4:2:0      14
00011( P )       22    11    26                             4:2:0      13
00010( b )       21    12    28                             4:2:0      13
00012( P )       24    12    26                             4:2:0      12
00011( b )       23    13    28                             4:2:0      12
00013( P )       26    13    26                             4:2:0      16
00012( b )       25    14    28                             4:2:0      12
00014( P )       28    14    26                             4:2:0      13
00013( b )       27    15    28                             4:2:0      13
00014( P )       29    15    26                             4:2:0      16
00000(IDR)        0     0    23                             4:2:0      57
00001( P )        2     1    25                             4:2:0      10
00000( b )        1     2    28                             4:2:0       9
00002( P )        4     2    26                             4:2:0      10
00001( b )        3     3    29                             4:2:0       9
00003( P )        6     3    26                             4:2:0      10
00002( b )        5     4    29                             4:2:0       9
00004( P )        8     4    26                             4:2:0      13
00003( b )        7     5    29                             4:2:0       9
00005( P )       10     5    26                             4:2:0      13
00004( b )        9     6    29                             4:2:0      12
00006( P )       12     6    26                             4:2:0      12
00005( b )       11     7    29                             4:2:0      11
00007( P )       14     7    26                             4:2:0      14
00006( b )       13     8    28                             4:2:0      12
00008( P )       16     8    26                             4:2:0      15
00007( b )       15     9    28                             4:2:0      11
00009( P )       18     9    26                             4:2:0      15
00008( b )       17    10    28                             4:2:0      12
00010( P )       20    10    27                             4:2:0      13
00009( b )       19    11    29                             4:2:0      10
00011( P )       22    11    27                             4:2:0      13
00010( b )       21    12    29                             4:2:0      12
00012( P )       24    12    26                             4:2:0      13
00011( b )       23    13    29                             4:2:0      10
00013( P )       26    13    26                             4:2:0      12
00012( b )       25    14    28                             4:2:0      12
00014( P )       28    14    26                             4:2:0      13
00013( b )       27    15    28                             4:2:0      11
00014( P )       29    15    26                             4:2:0      20
00000(IDR)        0     0    24                             4:2:0      57
00001( P )        2     1    25                             4:2:0       9
00000( b )        1     2    28                             4:2:0       6
00002( P )        4     2    26                             4:2:0       7
00001( b )        3     3    29                             4:2:0       7
00003( P )        6     3    25                             4:2:0      10
00002( b )        5     4    29                             4:2:0      10
00004( P )        8     4    25                             4:2:0      14
00003( b )        7     5    28                             4:2:0       9
00005( P )       10     5    26                             4:2:0      13
00004( b )        9     6    28                             4:2:0      12
00006( P )       12     6    26                             4:2:0      12
00005( b )       11     7    28                             4:2:0      12
00007( P )       14     7    26                             4:2:0      17
00006( b )       13     8    28                             4:2:0      14
00008( P )       16     8    27                             4:2:0      12
00007( b )       15     9    29                             4:2:0      13
00009( P )       18     9    26                             4:2:0      13
00008( b )       17    10    29                             4:2:0      14
00010( P )       20    10    26                             4:2:0      13
00009( b )       19    11    28                             4:2:0      11
00011( P )       22    11    26                             4:2:0      12
00010( b )       21    12    28                             4:2:0      12
00012( P )       24    12    26                             4:2:0      13
00011( b )       23    13    28                             4:2:0      12
00013( P )       26    13    27                             4:2:0      15
00012( b )       25    14    29                             4:2:0      10
00014( P )       28    14    26                             4:2:0      13
00013( b )       27    15    29                             4:2:0      11
00014( P )       29    15    26                             4:2:0      16
00000(IDR)        0     0    23                             4:2:0      65
00001( P )        2     1    25                             4:2:0      11
00000( b )        1     2    28                             4:2:0       8
00002( P )        4     2    27                             4:2:0       7
00001( b )        3     3    29                             4:2:0       8
00003( P )        6     3    26                             4:2:0       9
00002( b )        5     4    29                             4:2:0       8
00004( P )        8     4    26                             4:2:0      12
00003( b )        7     5    28                             4:2:0       9
00005( P )       10     5    26                             4:2:0      15
00004( b )        9     6    29                             4:2:0      11
00006( P )       12     6    26                             4:2:0      16
00005( b )       11     7    29                             4:2:0      12
00007( P )       14     7    26                             4:2:0      13
00006( b )       13     8    29                             4:2:0      12
00008( P )       16     8    26                             4:2:0      14
00007( b )       15     9    29                             4:2:0      12
00009( P )       18     9    26                             4:2:0      13
00008( b )       17    10    29                             4:2:0      11
00010( P )       20    10    26                             4:2:0      18
00009( b )       19    11    28                             4:2:0      11
00011( P )       22    11    27                             4:2:0      11
00010( b )       21    12    29                             4:2:0      10
00012( P )       24    12    26                             4:2:0      13
00011( b )       23    13    29                             4:2:0      12
00013( P )       26    13    26                             4:2:0      14
00012( b )       25    14    28                             4:2:0      13
00014( P )       28    14    26                             4:2:0      14
00013( b )       27    15    29                             4:2:0      11
00014( P )       29    15    26                             4:2:0      19
00000(IDR)        0     0    24                             4:2:0      56
00001( P )        2     1    25                             4:2:0      10
00000( b )        1     2    28                             4:2:0      10
00002( P )        4     2    27                             4:2:0      10
00001( b )        3     3    29                             4:2:0       9
00003( P )        6     3    26                             4:2:0      10
00002( b )        5     4    29                             4:2:0       9
00004( P )        8     4    26                             4:2:0      13
00003( b )        7     5    29                             4:2:0       8
00005( P )       10     5    27                             4:2:0      12
00004( b )        9     6    29                             4:2:0      12
00006( P )       12     6    26                             4:2:0      13
00005( b )       11     7    29                             4:2:0      12
00007( P )       14     7    26                             4:2:0      15
00006( b )       13     8    28                             4:2:0      11
00008( P )       16     8    27                             4:2:0      12
00007( b )       15     9    29                             4:2:0      13
00009( P )       18     9    26                             4:2:0      13
00008( b )       17    10    29                             4:2:0      14
00010( P )       20    10    26                             4:2:0      15
00009( b )       19    11    29                             4:2:0      10
00011( P )       22    11    27                             4:2:0      11
00010( b )       21    12    29                             4:2:0      14
00012( P )       24    12    27                             4:2:0      13
00011( b )       23    13    29                             4:2:0      11
00013( P )       26    13    26                             4:2:0      14
00012( b )       25    14    29                             4:2:0      11
00014( P )       28    14    27                             4:2:0      11
00013( b )       27    15    29                             4:2:0      12
00014( P )       29    15    26                             4:2:0      17
00000(IDR)        0     0    24                             4:2:0      55
00001( P )        2     1    25                             4:2:0      12
00000( b )        1     2    28                             4:2:0       8
00002( P )        4     2    27                             4:2:0       7
00001( b )        3     3    29                             4:2:0       7
00003( P )        6     3    26                             4:2:0      12
00002( b )        5     4    29                             4:2:0       8
00004( P )        8     4    27                             4:2:0       9
00003( b )        7     5    29                             4:2:0       8
00005( P )       10     5    27                             4:2:0      13
00004( b )        9     6    29                             4:2:0      11
00006( P )       12     6    27                             4:2:0      13
00005( b )       11     7    29                             4:2:0      12
00007( P )       14     7    27                             4:2:0      17
00006( b )       13     8    29                             4:2:0      12
00008( P )       16     8    27                             4:2:0      14
00007( b )       15     9    29                             4:2:0      11
00009( P )       18     9    27                             4:2:0      13
00008( b )       17    10    29                             4:2:0      12
00010( P )       20    10    27                             4:2:0      13
00009( b )       19    11    29                             4:2:0      10
00011( P )       22    11    27                             4:2:0      12
00010( b )       21    12    29                             4:2:0      13
00012( P )       24    12    26                             4:2:0      13
00011( b )       23    13    29                             4:2:0      11
00013( P )       26    13    26                             4:2:0      15
00012( b )       25    14    29                             4:2:0      11
00014( P )       28    14    27                             4:2:0      12
00013( b )       27    15    29                             4:2:0      12
00014( P )       29    15    27                             4:2:0      15
00000(IDR)        0     0    24                             4:2:0      58
00001( P )        2     1    25                             4:2:0      10
00000( b )        1     2    28                             4:2:0       7
00002( P )        4     2    27                             4:2:0       9
00001( b )        3     3    29                             4:2:0       8
00003( P )        6     3    27                             4:2:0      10
00002( b )        5     4    29                             4:2:0      11
00004( P )        8     4    27                             4:2:0      11
00003( b )        7     5    29                             4:2:0      10
00005( P )       10     5    27                             4:2:0      13
00004( b )        9     6    29                             4:2:0      12
00006( P )       12     6    26                             4:2:0      12
00005( b )       11     7    29                             4:2:0      12
00007( P )       14     7    26                             4:2:0      15
00006( b )       13     8    29                             4:2:0      14
00008( P )       16     8    27                             4:2:0      13
00007( b )       15     9    29                             4:2:0      12
00009( P )       18     9    27                             4:2:0      12
00008( b )       17    10    29                             4:2:0      13
00010( P )       20    10    26                             4:2:0      14
00009( b )       19    11    29                             4:2:0      13
00011( P )       22    11    27                             4:2:0      12
00010( b )       21    12    29                             4:2:0      13
00012( P )       24    12    27                             4:2:0      12
00011( b )       23    13    29                             4:2:0      13
00013( P )       26    13    27                             4:2:0      13
00012( b )       25    14    29                             4:2:0      13
00014( P )       28    14    26                             4:2:0      16
00013( b )       27    15    29                             4:2:0      11
00014( P )       29    15    27                             4:2:0      15
00000(IDR)        0     0    24                             4:2:0      66
00001( P )        2     1    26                             4:2:0      11
00000( b )        1     2    29                             4:2:0       7
00002( P )        4     2    27                             4:2:0      12
00001( b )        3     3    30                             4:2:0       8
00003( P )        6     3    28                             4:2:0      13
00002( b )        5     4    30                             4:2:0      10
00004( P )        8     4    28                             4:2:0      10
00003( b )        7     5    31                             4:2:0       9
00005( P )       10     5    28                             4:2:0      15
00004( b )        9     6    31                             4:2:0      12
00006( P )       12     6    28                             4:2:0      14
00005( b )       11     7    30                             4:2:0      14
00007( P )       14     7    28                             4:2:0      14
00006( b )       13     8    30                             4:2:0      13
00008( P )       16     8    28                             4:2:0      15
00007( b )       15     9    30                             4:2:0      15
00009( P )       18     9    28                             4:2:0      14
00008( b )       17    10    31                             4:2:0      11
00010( P )       20    10    29                             4:2:0      13
00009( b )       19    11    31                             4:2:0      13
00011( P )       22    11    28                             4:2:0      13
00010( b )       21    12    31                             4:2:0      11
00012( P )       24    12    28                             4:2:0      12
00011( b )       23    13    30                             4:2:0      10
00013( P )       26    13    28                             4:2:0      14
00012( b )       25    14    30                             4:2:0      10
00014( P )       28    14    28                             4:2:0      14
00013( b )       27    15    30                             4:2:0      11
00014( P )       29    15    28                             4:2:0      16
00000(IDR)        0     0    25                             4:2:0      53
00001( P )        2     1    27                             4:2:0      10
00000( b )        1     2    29                             4:2:0       8
00002( P )        4     2    27                             4:2:0      11
00001( b )        3     3    30                             4:2:0       7
00003( P )        6     3    27                             4:2:0      14
00002( b )        5     4    30                             4:2:0      10
00004( P )        8     4    28                             4:2:0      10
00003( b )        7     5    30                             4:2:0      10
00005( P )       10     5    28                             4:2:0      16
00004( b )        9     6    30                             4:2:0      12
00006( P )       12     6    28                             4:2:0      12
00005( b )       11     7    30                             4:2:0      14
00007( P )       14     7    27                             4:2:0      15
00006( b )       13     8    30                             4:2:0      15
00008( P )       16     8    27                             4:2:0      14
00007( b )       15     9    29                             4:2:0      15
00009( P )       18     9    28                             4:2:0      16
00008( b )       17    10    30                             4:2:0      14
00010( P )       20    10    28                             4:2:0      15
00009( b )       19    11    30                             4:2:0      13
00011( P )       22    11    28                             4:2:0      13
00010( b )       21    12    31                             4:2:0      11
00012( P )       24    12    27                             4:2:0      14
00011( b )       23    13    31                             4:2:0      12
00013( P )       26    13    27                             4:2:0      13
00012( b )       25    14    30                             4:2:0      11
00014( P )       28    14    27                             4:2:0      13
00013( b )       27    15    30                             4:2:0      14
00014( P )       29    15    27                             4:2:0      18
00000(IDR)        0     0    24                             4:2:0      55
00001( P )        2     1    26                             4:2:0       9
00000( b )        1     2    29                             4:2:0       7
00002( P )        4     2    27                             4:2:0       8
00001( b )        3     3    30                             4:2:0       8
00003( P )        6     3    27                             4:2:0       9
00002( b )        5     4    30                             4:2:0       9
00004( P )        8     4    26                             4:2:0      13
00003( b )        7     5    29                             4:2:0      10
00005( P )       10     5    27                             4:2:0      15
00004( b )        9     6    29                             4:2:0      14
00006( P )       12     6    27                             4:2:0      14
00005( b )       11     7    29                             4:2:0      13
00007( P )       14     7    27                             4:2:0      14
00006( b )       13     8    29                             4:2:0      11
00008( P )       16     8    27                             4:2:0      12
00007( b )       15     9    29                             4:2:0      11
00009( P )       18     9    27                             4:2:0      12
00008( b )       17    10    29                             4:2:0      12
00010( P )       20    10    27                             4:2:0      14
00009( b )       19    11    29                             4:2:0      11
00011( P )       22    11    27                             4:2:0      12
00010( b )       21    12    29                             4:2:0      10
00012( P )       24    12    26                             4:2:0      13
00011( b )       23    13    29                             4:2:0      11
00013( P )       26    13    27                             4:2:0      14
00012( b )       25    14    29                             4:2:0      11
00014( P )       28    14    26                             4:2:0      13
00013( b )       27    15    29                             4:2:0      11
00014( P )       29    15    27                             4:2:0      16
00000(IDR)        0     0    24                             4:2:0      54
00001( P )        2     1    26                             4:2:0      10
00000( b )        1     2    29                             4:2:0       8
00002( P )        4     2    27                             4:2:0       8
00001( b )        3     3    29                             4:2:0       8
00003( P )        6     3    26                             4:2:0      10
00002( b )        5     4    29                             4:2:0       9
00004( P )        8     4    26                             4:2:0      14
00003( b )        7     5    29                             4:2:0       8
00005( P )       10     5    27                             4:2:0      11
00004( b )        9     6    30                             4:2:0      12
00006( P )       12     6    26                             4:2:0      12
00005( b )       11     7    30                             4:2:0      14
00007( P )       14     7    26                             4:2:0      14
00006( b )       13     8    29                             4:2:0      13
00008( P )       16     8    27                             4:2:0      10
00007( b )       15     9    29                             4:2:0      12
00009( P )       18     9    26                             4:2:0      11
00008( b )       17    10    29                             4:2:0      12
00010( P )       20    10    26                             4:2:0      18
00009( b )       19    11    28                             4:2:0      11
00011( P )       22    11    27                             4:2:0      14
00010( b )       21    12    29                             4:2:0      13
00012( P )       24    12    27                             4:2:0      12
00011( b )       23    13    29                             4:2:0      12
00013( P )       26    13    26                             4:2:0      13
00012( b )       25    14    29                             4:2:0      12
00014( P )       28    14    26                             4:2:0      14
00013( b )       27    15    29                             4:2:0      11
00014( P )       29    15    26                             4:2:0      16
00000(IDR)        0     0    24                             4:2:0      57
00001( P )        2     1    25                             4:2:0      11
00000( b )        1     2    28                             4:2:0      10
00002( P )        4     2    27                             4:2:0       9
00001( b )        3     3    29                             4:2:0       9
00003( P )        6     3    27                             4:2:0      12
00002( b )        5     4    29                             4:2:0      10
00004( P )        8     4    27                             4:2:0      11
00003( b )        7     5    29                             4:2:0       9
00005( P )       10     5    27                             4:2:0      17
00004( b )        9     6    29                             4:2:0      13
00006( P )       12     6    28                             4:2:0      15
00005( b )       11     7    31                             4:2:0      11
00007( P )       14     7    28                             4:2:0      15
00006( b )       13     8    31                             4:2:0      11
00008( P )       16     8    28                             4:2:0      15
00007( b )       15     9    31                             4:2:0      13
00009( P )       18     9    28                             4:2:0      15
00008( b )       17    10    31                             4:2:0      13
00010( P )       20    10    29                             4:2:0      15
00009( b )       19    11    31                             4:2:0      11
00011( P )       22    11    28                             4:2:0      17
00010( b )       21    12    31                             4:2:0      13
00012( P )       24    12    29                             4:2:0      14
00011( b )       23    13    31                             4:2:0      11
00013( P )       26    13    28                             4:2:0      18
00012( b )       25    14    31                             4:2:0      13
00014( P )       28    14    28                             4:2:0      17
00013( b )       27    15    31                             4:2:0      12
00014( P )       29    15    29                             4:2:0      18
00000(IDR)        0     0    26                             4:2:0      54
00001( P )        2     1    27                             4:2:0       9
00000( b )        1     2    30                             4:2:0       7
00002( P )        4     2    28                             4:2:0       9
00001( b )        3     3    30                             4:2:0       8
00003( P )        6     3    28                             4:2:0       9
00002( b )        5     4    30                             4:2:0      11
00004( P )        8     4    27                             4:2:0      12
00003( b )        7     5    30                             4:2:0       7
00005( P )       10     5    28                             4:2:0      13
00004( b )        9     6    30                             4:2:0      12
00006( P )       12     6    27                             4:2:0      12
00005( b )       11     7    30                             4:2:0      12
00007( P )       14     7    27                             4:2:0      17
00006( b )       13     8    30                             4:2:0      10
00008( P )       16     8    28                             4:2:0      11
00007( b )       15     9    30                             4:2:0      13
00009( P )       18     9    27                             4:2:0      13
00008( b )       17    10    30                             4:2:0      12
00010( P )       20    10    27                             4:2:0      13
00009( b )       19    11    30                             4:2:0      12
00011( P )       22    11    27                             4:2:0      11
00010( b )       21    12    30                             4:2:0      11
00012( P )       24    12    27                             4:2:0      13
00011( b )       23    13    30                             4:2:0      13
00013( P )       26    13    27                             4:2:0      14
00012( b )       25    14    29                             4:2:0      14
-------------------- Average SNR all frames ------------------------------
 SNR Y(dB)           :  0.00
 SNR U(dB)           :  0.00
 SNR V(dB)           :  0.00
 Total decoding time : 6.255 sec (71.463 fps)[447 frm/6255 ms]
--------------------------------------------------------------------------
 Exit JM 19 (FRExt) decoder, ver 19.0 
 Output status file                     : log.dec 
447 frames are decoded.
