checking for -mdynamic-no-pic... yes
checking for -arch x86_64... yes
x264 configure script

checking whether gcc works... yes
checking whether gcc supports for( int i = 0; i < 9; i++ ); with -std=gnu99... yes
checking for -mpreferred-stack-boundary=5... no
Failed commandline was:
--------------------------------------------------
gcc conftest.c -m64  -Wall -I. -I$(SRCPATH) -mdynamic-no-pic -arch x86_64 -std=gnu99 -D_GNU_SOURCE  -mpreferred-stack-boundary=5  -m64  -lm -arch x86_64 -o conftest
clang: error: unknown argument: '-mpreferred-stack-boundary=5'
--------------------------------------------------
Failed program was:
--------------------------------------------------
int main (void) {  return 0; }
--------------------------------------------------
checking whether yasm supports vpmovzxwd ymm0, xmm0... yes
checking whether gcc supports __asm__("pabsw %xmm0, %xmm0");... yes
checking for pthread_create(0,0,0,0); in pthread.h... yes
checking for return log2f(2); in math.h... yes
checking whether defined(MAP_PRIVATE) is true... yes
checking for sws_init_context(0,0,0); in libswscale/swscale.h... yes
checking whether defined(AV_PIX_FMT_FLAG_RGB) is true... yes
checking for -lpostproc... no
Failed commandline was:
--------------------------------------------------
gcc conftest.c -m64  -Wall -I. -I$(SRCPATH) -mdynamic-no-pic -arch x86_64 -std=gnu99 -D_GNU_SOURCE  -lpostproc  -m64  -lm -arch x86_64 -lpthread -o conftest
ld: library not found for -lpostproc
clang: error: linker command failed with exit code 1 (use -v to see invocation)
--------------------------------------------------
Failed program was:
--------------------------------------------------
int main (void) {  return 0; }
--------------------------------------------------
checking for -lavcodec... yes
checking for -lswscale... yes
checking for -lavutil... yes
checking for -lm... yes
checking for -lz... yes
checking for -lbz2... yes
checking for -lpthread... yes
checking for -lavifil32... no
Failed commandline was:
--------------------------------------------------
gcc conftest.c -m64  -Wall -I. -I$(SRCPATH) -mdynamic-no-pic -arch x86_64 -std=gnu99 -D_GNU_SOURCE  -lavifil32  -m64  -lm -arch x86_64 -lpthread -o conftest
ld: library not found for -lavifil32
clang: error: linker command failed with exit code 1 (use -v to see invocation)
--------------------------------------------------
Failed program was:
--------------------------------------------------
int main (void) {  return 0; }
--------------------------------------------------
checking for -lws2_32... no
Failed commandline was:
--------------------------------------------------
gcc conftest.c -m64  -Wall -I. -I$(SRCPATH) -mdynamic-no-pic -arch x86_64 -std=gnu99 -D_GNU_SOURCE  -lws2_32  -m64  -lm -arch x86_64 -lpthread -o conftest
ld: library not found for -lws2_32
clang: error: linker command failed with exit code 1 (use -v to see invocation)
--------------------------------------------------
Failed program was:
--------------------------------------------------
int main (void) {  return 0; }
--------------------------------------------------
checking for av_frame_free(0); in libavformat/avformat.h... yes
checking for FFMS_DestroyVideoSource(0); in ffms.h... no
Failed commandline was:
--------------------------------------------------
gcc conftest.c -m64  -Wall -I. -I$(SRCPATH) -mdynamic-no-pic -arch x86_64 -std=gnu99 -D_GNU_SOURCE   -lffms2  -m64  -lm -arch x86_64 -lpthread -o conftest
conftest.c:1:10: fatal error: 'ffms.h' file not found
#include <ffms.h>
         ^
1 error generated.
--------------------------------------------------
Failed program was:
--------------------------------------------------
#include <ffms.h>
int main (void) { FFMS_DestroyVideoSource(0); return 0; }
--------------------------------------------------
checking for FFMS_DestroyVideoSource(0); in ffms.h... no
Failed commandline was:
--------------------------------------------------
gcc conftest.c -m64  -Wall -I. -I$(SRCPATH) -mdynamic-no-pic -arch x86_64 -std=gnu99 -D_GNU_SOURCE   -lffms2 -lstdc++ -L. -lavformat -lavcodec -lswscale -lavutil -lm -lz -lbz2 -lpthread  -m64  -lm -arch x86_64 -lpthread -o conftest
conftest.c:1:10: fatal error: 'ffms.h' file not found
#include <ffms.h>
         ^
1 error generated.
--------------------------------------------------
Failed program was:
--------------------------------------------------
#include <ffms.h>
int main (void) { FFMS_DestroyVideoSource(0); return 0; }
--------------------------------------------------
checking for lsmash.h... no
Failed commandline was:
--------------------------------------------------
gcc conftest.c -m64  -Wall -I. -I$(SRCPATH) -mdynamic-no-pic -arch x86_64 -std=gnu99 -D_GNU_SOURCE     -llsmash -L. -lavformat -lavcodec -lswscale -lavutil -lm -lz -lbz2 -lpthread -lswscale -lavutil  -m64  -lm -arch x86_64 -lpthread -o conftest
conftest.c:1:10: fatal error: 'lsmash.h' file not found
#include <lsmash.h>
         ^
1 error generated.
--------------------------------------------------
Failed program was:
--------------------------------------------------
#include <lsmash.h>
int main (void) {  return 0; }
--------------------------------------------------
checking for -lz... yes
checking for gpac/isomedia.h... no
Failed commandline was:
--------------------------------------------------
gcc conftest.c -m64  -Wall -I. -I$(SRCPATH) -mdynamic-no-pic -arch x86_64 -std=gnu99 -D_GNU_SOURCE    -lgpac_static -lz -L. -lavformat -lavcodec -lswscale -lavutil -lm -lz -lbz2 -lpthread -lswscale -lavutil  -m64  -lm -arch x86_64 -lpthread -o conftest
conftest.c:1:10: fatal error: 'gpac/isomedia.h' file not found
#include <gpac/isomedia.h>
         ^
1 error generated.
--------------------------------------------------
Failed program was:
--------------------------------------------------
#include <gpac/isomedia.h>
int main (void) {  return 0; }
--------------------------------------------------
checking for uint32_t test_vec __attribute__ ((vector_size (16))) = {0,1,2,3}; in stdint.h... yes
checking for -fno-tree-vectorize... yes
checking for fseeko(stdin,0,0); in stdio.h... yes
checking for -Wshadow... yes
checking for -Wmaybe-uninitialized... yes

platform:      X86_64
byte order:    little-endian
system:        MACOSX
cli:           yes
libx264:       internal
shared:        no
static:        no
asm:           yes
interlaced:    yes
avs:           avxsynth
lavf:          yes
ffms:          no
mp4:           no
gpl:           yes
thread:        posix
opencl:        yes
filters:       resize crop select_every 
lto:           no
debug:         no
gprof:         no
strip:         no
PIC:           no
bit depth:     8
chroma format: all
